<?xml version="1.0" encoding="UTF-8"?>
<!-- Generated by org.testng.reporters.JUnitXMLReporter -->
<testsuite hostname="CHARLIE" ignored="0" name="Surefire test" tests="3" failures="0" timestamp="2020-08-13T18:19:32 IST" time="54.419" errors="0">
  <testcase name="checkLoginPage" time="0.844" classname="SeleniumProject.FirstProject.Testcase01"/>
  <testcase name="checkLoginPage" time="0.781" classname="SeleniumProject.FirstProject.Testcase01"/>
  <testcase name="ValidateTitle" time="0.071" classname="SeleniumProject.FirstProject.validateTitleTest"/>
</testsuite> <!-- Surefire test -->
