<?xml version="1.0" encoding="UTF-8"?>
<!-- Generated by org.testng.reporters.JUnitXMLReporter -->
<testsuite hostname="CHARLIE" ignored="0" name="Test LogIn" tests="3" failures="0" timestamp="2020-08-13T12:39:02 IST" time="36.673" errors="0">
  <testcase name="ValidateTitle" time="0.366" classname="SeleniumProject.FirstProject.validateTitleTest"/>
  <testcase name="checkLoginPage" time="0.791" classname="SeleniumProject.FirstProject.Testcase01"/>
  <testcase name="checkLoginPage" time="0.659" classname="SeleniumProject.FirstProject.Testcase01"/>
</testsuite> <!-- Test LogIn -->
