<?xml version="1.0" encoding="UTF-8"?>
<testng-results skipped="0" failed="0" ignored="0" total="3" passed="3">
  <reporter-output>
  </reporter-output>
  <suite name="Surefire suite" duration-ms="54419" started-at="2020-08-13T18:18:37 IST" finished-at="2020-08-13T18:19:32 IST">
    <groups>
    </groups>
    <test name="Surefire test" duration-ms="54419" started-at="2020-08-13T18:18:37 IST" finished-at="2020-08-13T18:19:32 IST">
      <class name="SeleniumProject.FirstProject.validateTitleTest">
        <test-method status="PASS" signature="openBrowser()[pri:0, instance:SeleniumProject.FirstProject.validateTitleTest@7a8c8dcf]" name="openBrowser" is-config="true" duration-ms="14291" started-at="2020-08-13T18:19:17 IST" finished-at="2020-08-13T18:19:31 IST">
          <reporter-output>
          </reporter-output>
        </test-method> <!-- openBrowser -->
        <test-method status="PASS" signature="ValidateTitle()[pri:0, instance:SeleniumProject.FirstProject.validateTitleTest@7a8c8dcf]" name="ValidateTitle" duration-ms="71" started-at="2020-08-13T18:19:31 IST" finished-at="2020-08-13T18:19:31 IST">
          <reporter-output>
          </reporter-output>
        </test-method> <!-- ValidateTitle -->
        <test-method status="PASS" signature="closeDriver()[pri:0, instance:SeleniumProject.FirstProject.validateTitleTest@7a8c8dcf]" name="closeDriver" is-config="true" duration-ms="117" started-at="2020-08-13T18:19:31 IST" finished-at="2020-08-13T18:19:32 IST">
          <reporter-output>
          </reporter-output>
        </test-method> <!-- closeDriver -->
      </class> <!-- SeleniumProject.FirstProject.validateTitleTest -->
      <class name="SeleniumProject.FirstProject.Testcase01">
        <test-method status="PASS" signature="openBrowser()[pri:0, instance:SeleniumProject.FirstProject.Testcase01@5dda768f]" name="openBrowser" is-config="true" duration-ms="37474" started-at="2020-08-13T18:18:37 IST" finished-at="2020-08-13T18:19:15 IST">
          <reporter-output>
          </reporter-output>
        </test-method> <!-- openBrowser -->
        <test-method status="PASS" signature="checkLoginPage(java.lang.String, java.lang.String, java.lang.String)[pri:0, instance:SeleniumProject.FirstProject.Testcase01@5dda768f]" name="checkLoginPage" duration-ms="844" started-at="2020-08-13T18:19:15 IST" data-provider="getData" finished-at="2020-08-13T18:19:16 IST">
          <params>
            <param index="0">
              <value>
                <![CDATA[pavan@gmail.com]]>
              </value>
            </param>
            <param index="1">
              <value>
                <![CDATA[1234569]]>
              </value>
            </param>
            <param index="2">
              <value>
                <![CDATA[Invalid Input]]>
              </value>
            </param>
          </params>
          <reporter-output>
          </reporter-output>
        </test-method> <!-- checkLoginPage -->
        <test-method status="PASS" signature="checkLoginPage(java.lang.String, java.lang.String, java.lang.String)[pri:0, instance:SeleniumProject.FirstProject.Testcase01@5dda768f]" name="checkLoginPage" duration-ms="781" started-at="2020-08-13T18:19:16 IST" data-provider="getData" finished-at="2020-08-13T18:19:17 IST">
          <params>
            <param index="0">
              <value>
                <![CDATA[pavan@gmail.com]]>
              </value>
            </param>
            <param index="1">
              <value>
                <![CDATA[1234569]]>
              </value>
            </param>
            <param index="2">
              <value>
                <![CDATA[Invalid Input]]>
              </value>
            </param>
          </params>
          <reporter-output>
          </reporter-output>
        </test-method> <!-- checkLoginPage -->
        <test-method status="PASS" signature="closingDriver()[pri:0, instance:SeleniumProject.FirstProject.Testcase01@5dda768f]" name="closingDriver" is-config="true" duration-ms="261" started-at="2020-08-13T18:19:17 IST" finished-at="2020-08-13T18:19:17 IST">
          <reporter-output>
          </reporter-output>
        </test-method> <!-- closingDriver -->
      </class> <!-- SeleniumProject.FirstProject.Testcase01 -->
    </test> <!-- Surefire test -->
  </suite> <!-- Surefire suite -->
</testng-results>
