<?xml version="1.0" encoding="UTF-8"?>
<testng-results skipped="0" failed="0" ignored="0" total="2" passed="2">
  <reporter-output>
  </reporter-output>
  <suite name="Default suite" duration-ms="33662" started-at="2020-08-13T19:11:59 IST" finished-at="2020-08-13T19:12:32 IST">
    <groups>
    </groups>
    <test name="Default test" duration-ms="33662" started-at="2020-08-13T19:11:59 IST" finished-at="2020-08-13T19:12:32 IST">
      <class name="SeleniumProject.FirstProject.validateTitleTest">
        <test-method status="PASS" signature="openBrowser()[pri:0, instance:SeleniumProject.FirstProject.validateTitleTest@683dbc2c]" name="openBrowser" is-config="true" duration-ms="32271" started-at="2020-08-13T19:11:59 IST" finished-at="2020-08-13T19:12:31 IST">
          <reporter-output>
          </reporter-output>
        </test-method> <!-- openBrowser -->
        <test-method status="PASS" signature="ValidateTitle()[pri:0, instance:SeleniumProject.FirstProject.validateTitleTest@683dbc2c]" name="ValidateTitle" duration-ms="201" started-at="2020-08-13T19:12:31 IST" finished-at="2020-08-13T19:12:31 IST">
          <reporter-output>
          </reporter-output>
        </test-method> <!-- ValidateTitle -->
        <test-method status="PASS" signature="validateSubTitle()[pri:0, instance:SeleniumProject.FirstProject.validateTitleTest@683dbc2c]" name="validateSubTitle" duration-ms="89" started-at="2020-08-13T19:12:31 IST" finished-at="2020-08-13T19:12:31 IST">
          <reporter-output>
          </reporter-output>
        </test-method> <!-- validateSubTitle -->
        <test-method status="PASS" signature="closeDriver()[pri:0, instance:SeleniumProject.FirstProject.validateTitleTest@683dbc2c]" name="closeDriver" is-config="true" duration-ms="991" started-at="2020-08-13T19:12:31 IST" finished-at="2020-08-13T19:12:32 IST">
          <reporter-output>
          </reporter-output>
        </test-method> <!-- closeDriver -->
      </class> <!-- SeleniumProject.FirstProject.validateTitleTest -->
    </test> <!-- Default test -->
  </suite> <!-- Default suite -->
</testng-results>
